20:37:12.207 INFO [main] org.lenskit.cli.Main: Starting LensKit 3.0-M1 on Java 1.8.0_91 from Oracle Corporation
20:37:12.252 DEBUG [main] org.lenskit.LenskitInfo: have 5573 active revisions
20:37:12.266 DEBUG [main] org.lenskit.cli.Main: Built from Git revision c0210fa3281ef8b15b0959bcd5fced43c5fec38a
20:37:12.266 DEBUG [main] org.lenskit.cli.Main: Using VM 'Java HotSpot(TM) 64-Bit Server VM' version 25.91-b14 from Oracle Corporation
20:37:12.266 INFO [main] org.lenskit.cli.Main: Have 4 processors and heap limit of 1820 MiB
20:37:12.286 INFO [main] org.lenskit.cli.util.RecommenderLoader: creating fresh recommender
20:37:12.721 INFO [main] org.lenskit.config.ConfigurationLoader: loading script from file:/Users/yuw/Documents/Coursera/Recommender%20System/ii-assignment/etc/item-item.groovy
20:37:13.402 DEBUG [main] org.lenskit.data.dao.file.TextEntitySource: loading source ratings with base URI file:/Users/yuw/Documents/Coursera/Recommender%20System/ii-assignment/data/movielens.yml
20:37:13.402 DEBUG [main] org.lenskit.data.dao.file.TextEntitySource: resolved file URI: file:/Users/yuw/Documents/Coursera/Recommender%20System/ii-assignment/data/ratings.csv
20:37:13.414 INFO [main] org.lenskit.data.dao.file.TextEntitySource: loading text file source ratings to read from file:/Users/yuw/Documents/Coursera/Recommender%20System/ii-assignment/data/ratings.csv
20:37:13.422 DEBUG [main] org.lenskit.data.dao.file.TextEntitySource: ratings: using delimiter ,
20:37:13.422 DEBUG [main] org.lenskit.data.dao.file.TextEntitySource: ratings: reading header
20:37:13.423 DEBUG [main] org.lenskit.data.dao.file.TextEntitySource: ratings: reading entities of type EntityType[rating]
20:37:13.491 DEBUG [main] org.lenskit.data.dao.file.TextEntitySource: class org.lenskit.data.ratings.RatingBuilder: using entity builder {}
20:37:13.491 DEBUG [main] org.lenskit.data.dao.file.TextEntitySource: loading source movies with base URI file:/Users/yuw/Documents/Coursera/Recommender%20System/ii-assignment/data/movielens.yml
20:37:13.491 DEBUG [main] org.lenskit.data.dao.file.TextEntitySource: resolved file URI: file:/Users/yuw/Documents/Coursera/Recommender%20System/ii-assignment/data/movies.csv
20:37:13.492 INFO [main] org.lenskit.data.dao.file.TextEntitySource: loading text file source movies to read from file:/Users/yuw/Documents/Coursera/Recommender%20System/ii-assignment/data/movies.csv
20:37:13.492 DEBUG [main] org.lenskit.data.dao.file.TextEntitySource: movies: using delimiter ,
20:37:13.492 DEBUG [main] org.lenskit.data.dao.file.TextEntitySource: movies: reading header
20:37:13.492 DEBUG [main] org.lenskit.data.dao.file.TextEntitySource: movies: reading entities of type EntityType[item]
20:37:13.493 DEBUG [main] org.lenskit.data.dao.file.TextEntitySource: class org.lenskit.data.entities.BasicEntityBuilder: using entity builder {}
20:37:13.493 DEBUG [main] org.lenskit.data.dao.file.TextEntitySource: loading source tags with base URI file:/Users/yuw/Documents/Coursera/Recommender%20System/ii-assignment/data/movielens.yml
20:37:13.493 DEBUG [main] org.lenskit.data.dao.file.TextEntitySource: resolved file URI: file:/Users/yuw/Documents/Coursera/Recommender%20System/ii-assignment/data/tags.csv
20:37:13.493 INFO [main] org.lenskit.data.dao.file.TextEntitySource: loading text file source tags to read from file:/Users/yuw/Documents/Coursera/Recommender%20System/ii-assignment/data/tags.csv
20:37:13.493 DEBUG [main] org.lenskit.data.dao.file.TextEntitySource: tags: using delimiter ,
20:37:13.494 DEBUG [main] org.lenskit.data.dao.file.TextEntitySource: tags: reading header
20:37:13.494 DEBUG [main] org.lenskit.data.dao.file.TextEntitySource: tags: reading entities of type EntityType[item-tag]
20:37:13.494 DEBUG [main] org.lenskit.data.dao.file.TextEntitySource: class org.lenskit.data.entities.BasicEntityBuilder: using entity builder {}
20:37:13.503 DEBUG [main] org.lenskit.LenskitRecommenderEngineBuilder: building graph from 3 configurations
20:37:13.630 DEBUG [main] org.lenskit.inject.RecommenderInstantiator: replacing nodes in graph with 13 nodes
20:37:13.638 DEBUG [main] org.lenskit.inject.RecommenderInstantiator: found 2 shared nodes
20:37:15.626 INFO [main] org.lenskit.data.dao.file.StaticDataSource: deriving entity type EntityType[user] from EntityType[rating] (column TypedName[user: long])
20:37:15.760 INFO [main] org.lenskit.data.dao.file.StaticDataSource: deriving entity type EntityType[item] from EntityType[rating] (column TypedName[item: long])
20:37:15.834 DEBUG [main] org.lenskit.data.entities.EntityCollectionBuilder: built collection of 2500 entities with type EntityType[item] and 2 indexes
20:37:15.874 DEBUG [main] org.lenskit.data.entities.EntityCollectionBuilder: built collection of 264505 entities with type EntityType[rating] and 2 indexes
20:37:15.906 DEBUG [main] org.lenskit.data.entities.EntityCollectionBuilder: built collection of 94875 entities with type EntityType[item-tag] and 2 indexes
20:37:15.906 DEBUG [main] org.lenskit.data.entities.EntityCollectionBuilder: built collection of 862 entities with type EntityType[user] and 2 indexes
20:37:27.180 DEBUG [main] org.lenskit.inject.RecommenderInstantiator: final graph has 13 nodes
20:37:27.182 INFO [main] org.lenskit.cli.util.RecommenderLoader: built recommender in 13.68 s
20:37:27.191 INFO [main] org.lenskit.cli.commands.GlobalRecommend: using 4 reference items: [153, 260, 527, 588]
20:37:27.236 INFO [main] org.lenskit.cli.commands.GlobalRecommend: recommended in 44.31 ms
20:37:27.237 INFO [main] org.lenskit.cli.Main: If you use LensKit in published research, please see http://lenskit.org/research/
