20:07:33.765 INFO [main] org.lenskit.cli.Main: Starting LensKit 3.0-M1 on Java 1.8.0_91 from Oracle Corporation
20:07:33.819 DEBUG [main] org.lenskit.LenskitInfo: have 5573 active revisions
20:07:33.832 DEBUG [main] org.lenskit.cli.Main: Built from Git revision c0210fa3281ef8b15b0959bcd5fced43c5fec38a
20:07:33.832 DEBUG [main] org.lenskit.cli.Main: Using VM 'Java HotSpot(TM) 64-Bit Server VM' version 25.91-b14 from Oracle Corporation
20:07:33.832 INFO [main] org.lenskit.cli.Main: Have 4 processors and heap limit of 1820 MiB
20:07:33.856 INFO [main] org.lenskit.cli.util.RecommenderLoader: creating fresh recommender
20:07:34.241 INFO [main] org.lenskit.config.ConfigurationLoader: loading script from file:/Users/yuw/Documents/Coursera/Recommender%20System/ii-assignment/etc/item-item.groovy
20:07:35.153 DEBUG [main] org.lenskit.data.dao.file.TextEntitySource: loading source ratings with base URI file:/Users/yuw/Documents/Coursera/Recommender%20System/ii-assignment/data/movielens.yml
20:07:35.156 DEBUG [main] org.lenskit.data.dao.file.TextEntitySource: resolved file URI: file:/Users/yuw/Documents/Coursera/Recommender%20System/ii-assignment/data/ratings.csv
20:07:35.266 INFO [main] org.lenskit.data.dao.file.TextEntitySource: loading text file source ratings to read from file:/Users/yuw/Documents/Coursera/Recommender%20System/ii-assignment/data/ratings.csv
20:07:35.289 DEBUG [main] org.lenskit.data.dao.file.TextEntitySource: ratings: using delimiter ,
20:07:35.289 DEBUG [main] org.lenskit.data.dao.file.TextEntitySource: ratings: reading header
20:07:35.290 DEBUG [main] org.lenskit.data.dao.file.TextEntitySource: ratings: reading entities of type EntityType[rating]
20:07:35.437 DEBUG [main] org.lenskit.data.dao.file.TextEntitySource: class org.lenskit.data.ratings.RatingBuilder: using entity builder {}
20:07:35.437 DEBUG [main] org.lenskit.data.dao.file.TextEntitySource: loading source movies with base URI file:/Users/yuw/Documents/Coursera/Recommender%20System/ii-assignment/data/movielens.yml
20:07:35.437 DEBUG [main] org.lenskit.data.dao.file.TextEntitySource: resolved file URI: file:/Users/yuw/Documents/Coursera/Recommender%20System/ii-assignment/data/movies.csv
20:07:35.437 INFO [main] org.lenskit.data.dao.file.TextEntitySource: loading text file source movies to read from file:/Users/yuw/Documents/Coursera/Recommender%20System/ii-assignment/data/movies.csv
20:07:35.437 DEBUG [main] org.lenskit.data.dao.file.TextEntitySource: movies: using delimiter ,
20:07:35.438 DEBUG [main] org.lenskit.data.dao.file.TextEntitySource: movies: reading header
20:07:35.439 DEBUG [main] org.lenskit.data.dao.file.TextEntitySource: movies: reading entities of type EntityType[item]
20:07:35.439 DEBUG [main] org.lenskit.data.dao.file.TextEntitySource: class org.lenskit.data.entities.BasicEntityBuilder: using entity builder {}
20:07:35.440 DEBUG [main] org.lenskit.data.dao.file.TextEntitySource: loading source tags with base URI file:/Users/yuw/Documents/Coursera/Recommender%20System/ii-assignment/data/movielens.yml
20:07:35.440 DEBUG [main] org.lenskit.data.dao.file.TextEntitySource: resolved file URI: file:/Users/yuw/Documents/Coursera/Recommender%20System/ii-assignment/data/tags.csv
20:07:35.440 INFO [main] org.lenskit.data.dao.file.TextEntitySource: loading text file source tags to read from file:/Users/yuw/Documents/Coursera/Recommender%20System/ii-assignment/data/tags.csv
20:07:35.440 DEBUG [main] org.lenskit.data.dao.file.TextEntitySource: tags: using delimiter ,
20:07:35.440 DEBUG [main] org.lenskit.data.dao.file.TextEntitySource: tags: reading header
20:07:35.440 DEBUG [main] org.lenskit.data.dao.file.TextEntitySource: tags: reading entities of type EntityType[item-tag]
20:07:35.441 DEBUG [main] org.lenskit.data.dao.file.TextEntitySource: class org.lenskit.data.entities.BasicEntityBuilder: using entity builder {}
20:07:35.465 DEBUG [main] org.lenskit.LenskitRecommenderEngineBuilder: building graph from 3 configurations
20:07:35.735 DEBUG [main] org.lenskit.inject.RecommenderInstantiator: replacing nodes in graph with 13 nodes
20:07:35.747 DEBUG [main] org.lenskit.inject.RecommenderInstantiator: found 2 shared nodes
20:07:38.369 INFO [main] org.lenskit.data.dao.file.StaticDataSource: deriving entity type EntityType[user] from EntityType[rating] (column TypedName[user: long])
20:07:38.520 INFO [main] org.lenskit.data.dao.file.StaticDataSource: deriving entity type EntityType[item] from EntityType[rating] (column TypedName[item: long])
20:07:38.612 DEBUG [main] org.lenskit.data.entities.EntityCollectionBuilder: built collection of 2500 entities with type EntityType[item] and 2 indexes
20:07:38.650 DEBUG [main] org.lenskit.data.entities.EntityCollectionBuilder: built collection of 264505 entities with type EntityType[rating] and 2 indexes
20:07:38.668 DEBUG [main] org.lenskit.data.entities.EntityCollectionBuilder: built collection of 94875 entities with type EntityType[item-tag] and 2 indexes
20:07:38.668 DEBUG [main] org.lenskit.data.entities.EntityCollectionBuilder: built collection of 862 entities with type EntityType[user] and 2 indexes
20:07:50.093 DEBUG [main] org.lenskit.inject.RecommenderInstantiator: final graph has 13 nodes
20:07:50.118 INFO [main] org.lenskit.cli.util.RecommenderLoader: built recommender in 14.65 s
20:07:50.128 INFO [main] org.lenskit.cli.commands.Predict: predicting 2 items
20:07:50.194 INFO [main] org.lenskit.cli.commands.Predict: predicted for 2 items in 36.46 ms
20:07:50.203 INFO [main] org.lenskit.cli.Main: If you use LensKit in published research, please see http://lenskit.org/research/
