20:06:49.555 INFO [main] org.lenskit.cli.Main: Starting LensKit 3.0-M1 on Java 1.8.0_91 from Oracle Corporation
20:06:49.611 DEBUG [main] org.lenskit.LenskitInfo: have 5573 active revisions
20:06:49.630 DEBUG [main] org.lenskit.cli.Main: Built from Git revision c0210fa3281ef8b15b0959bcd5fced43c5fec38a
20:06:49.631 DEBUG [main] org.lenskit.cli.Main: Using VM 'Java HotSpot(TM) 64-Bit Server VM' version 25.91-b14 from Oracle Corporation
20:06:49.631 INFO [main] org.lenskit.cli.Main: Have 4 processors and heap limit of 1820 MiB
20:06:49.701 INFO [main] org.lenskit.cli.util.RecommenderLoader: creating fresh recommender
20:06:50.632 INFO [main] org.lenskit.config.ConfigurationLoader: loading script from file:/Users/yuw/Documents/Coursera/Recommender%20System/ii-assignment/etc/item-item.groovy
20:06:51.384 DEBUG [main] org.lenskit.data.dao.file.TextEntitySource: loading source ratings with base URI file:/Users/yuw/Documents/Coursera/Recommender%20System/ii-assignment/data/movielens.yml
20:06:51.384 DEBUG [main] org.lenskit.data.dao.file.TextEntitySource: resolved file URI: file:/Users/yuw/Documents/Coursera/Recommender%20System/ii-assignment/data/ratings.csv
20:06:51.400 INFO [main] org.lenskit.data.dao.file.TextEntitySource: loading text file source ratings to read from file:/Users/yuw/Documents/Coursera/Recommender%20System/ii-assignment/data/ratings.csv
20:06:51.409 DEBUG [main] org.lenskit.data.dao.file.TextEntitySource: ratings: using delimiter ,
20:06:51.409 DEBUG [main] org.lenskit.data.dao.file.TextEntitySource: ratings: reading header
20:06:51.409 DEBUG [main] org.lenskit.data.dao.file.TextEntitySource: ratings: reading entities of type EntityType[rating]
20:06:51.462 DEBUG [main] org.lenskit.data.dao.file.TextEntitySource: class org.lenskit.data.ratings.RatingBuilder: using entity builder {}
20:06:51.463 DEBUG [main] org.lenskit.data.dao.file.TextEntitySource: loading source movies with base URI file:/Users/yuw/Documents/Coursera/Recommender%20System/ii-assignment/data/movielens.yml
20:06:51.463 DEBUG [main] org.lenskit.data.dao.file.TextEntitySource: resolved file URI: file:/Users/yuw/Documents/Coursera/Recommender%20System/ii-assignment/data/movies.csv
20:06:51.463 INFO [main] org.lenskit.data.dao.file.TextEntitySource: loading text file source movies to read from file:/Users/yuw/Documents/Coursera/Recommender%20System/ii-assignment/data/movies.csv
20:06:51.463 DEBUG [main] org.lenskit.data.dao.file.TextEntitySource: movies: using delimiter ,
20:06:51.463 DEBUG [main] org.lenskit.data.dao.file.TextEntitySource: movies: reading header
20:06:51.463 DEBUG [main] org.lenskit.data.dao.file.TextEntitySource: movies: reading entities of type EntityType[item]
20:06:51.463 DEBUG [main] org.lenskit.data.dao.file.TextEntitySource: class org.lenskit.data.entities.BasicEntityBuilder: using entity builder {}
20:06:51.463 DEBUG [main] org.lenskit.data.dao.file.TextEntitySource: loading source tags with base URI file:/Users/yuw/Documents/Coursera/Recommender%20System/ii-assignment/data/movielens.yml
20:06:51.463 DEBUG [main] org.lenskit.data.dao.file.TextEntitySource: resolved file URI: file:/Users/yuw/Documents/Coursera/Recommender%20System/ii-assignment/data/tags.csv
20:06:51.463 INFO [main] org.lenskit.data.dao.file.TextEntitySource: loading text file source tags to read from file:/Users/yuw/Documents/Coursera/Recommender%20System/ii-assignment/data/tags.csv
20:06:51.464 DEBUG [main] org.lenskit.data.dao.file.TextEntitySource: tags: using delimiter ,
20:06:51.464 DEBUG [main] org.lenskit.data.dao.file.TextEntitySource: tags: reading header
20:06:51.464 DEBUG [main] org.lenskit.data.dao.file.TextEntitySource: tags: reading entities of type EntityType[item-tag]
20:06:51.464 DEBUG [main] org.lenskit.data.dao.file.TextEntitySource: class org.lenskit.data.entities.BasicEntityBuilder: using entity builder {}
20:06:51.473 DEBUG [main] org.lenskit.LenskitRecommenderEngineBuilder: building graph from 3 configurations
20:06:51.595 DEBUG [main] org.lenskit.inject.RecommenderInstantiator: replacing nodes in graph with 13 nodes
20:06:51.605 DEBUG [main] org.lenskit.inject.RecommenderInstantiator: found 2 shared nodes
20:06:53.190 INFO [main] org.lenskit.data.dao.file.StaticDataSource: deriving entity type EntityType[user] from EntityType[rating] (column TypedName[user: long])
20:06:53.326 INFO [main] org.lenskit.data.dao.file.StaticDataSource: deriving entity type EntityType[item] from EntityType[rating] (column TypedName[item: long])
20:06:54.208 DEBUG [main] org.lenskit.data.entities.EntityCollectionBuilder: built collection of 2500 entities with type EntityType[item] and 2 indexes
20:06:54.236 DEBUG [main] org.lenskit.data.entities.EntityCollectionBuilder: built collection of 264505 entities with type EntityType[rating] and 2 indexes
20:06:54.251 DEBUG [main] org.lenskit.data.entities.EntityCollectionBuilder: built collection of 94875 entities with type EntityType[item-tag] and 2 indexes
20:06:54.251 DEBUG [main] org.lenskit.data.entities.EntityCollectionBuilder: built collection of 862 entities with type EntityType[user] and 2 indexes
20:07:04.955 DEBUG [main] org.lenskit.inject.RecommenderInstantiator: final graph has 13 nodes
20:07:04.959 INFO [main] org.lenskit.cli.util.RecommenderLoader: built recommender in 13.49 s
20:07:04.966 INFO [main] org.lenskit.cli.commands.Recommend: recommending for 1 users
20:07:04.977 DEBUG [main] org.lenskit.basic.TopNItemRecommender: computing effective candidates for user 320 from 2500 candidates and 62 excluded items
20:07:04.979 DEBUG [main] org.lenskit.basic.TopNItemRecommender: Computing 10 recommendations for user 320 from 2438 candidates
20:07:05.472 INFO [main] org.lenskit.cli.commands.Recommend: recommended for 1 users in 504.9 ms
20:07:05.473 INFO [main] org.lenskit.cli.Main: If you use LensKit in published research, please see http://lenskit.org/research/
