17:40:26.615 INFO [main] org.lenskit.cli.Main: Starting LensKit 3.0-M1 on Java 1.8.0_91 from Oracle Corporation
17:40:26.661 DEBUG [main] org.lenskit.LenskitInfo: have 5573 active revisions
17:40:26.684 DEBUG [main] org.lenskit.cli.Main: Built from Git revision c0210fa3281ef8b15b0959bcd5fced43c5fec38a
17:40:26.684 DEBUG [main] org.lenskit.cli.Main: Using VM 'Java HotSpot(TM) 64-Bit Server VM' version 25.91-b14 from Oracle Corporation
17:40:26.684 INFO [main] org.lenskit.cli.Main: Have 4 processors and heap limit of 1820 MiB
17:40:26.721 INFO [main] org.lenskit.cli.util.RecommenderLoader: creating fresh recommender
17:40:27.202 INFO [main] org.lenskit.config.ConfigurationLoader: loading script from file:/Users/yuw/Documents/Coursera/Recommender%20System/cbf-assignment/etc/weighted.groovy
17:40:27.743 DEBUG [main] org.lenskit.data.dao.file.TextEntitySource: loading source ratings with base URI file:/Users/yuw/Documents/Coursera/Recommender%20System/cbf-assignment/data/movielens.yml
17:40:27.743 DEBUG [main] org.lenskit.data.dao.file.TextEntitySource: resolved file URI: file:/Users/yuw/Documents/Coursera/Recommender%20System/cbf-assignment/data/ratings.csv
17:40:27.761 INFO [main] org.lenskit.data.dao.file.TextEntitySource: loading text file source ratings to read from file:/Users/yuw/Documents/Coursera/Recommender%20System/cbf-assignment/data/ratings.csv
17:40:27.767 DEBUG [main] org.lenskit.data.dao.file.TextEntitySource: ratings: using delimiter ,
17:40:27.767 DEBUG [main] org.lenskit.data.dao.file.TextEntitySource: ratings: reading header
17:40:27.767 DEBUG [main] org.lenskit.data.dao.file.TextEntitySource: ratings: reading entities of type EntityType[rating]
17:40:27.815 DEBUG [main] org.lenskit.data.dao.file.TextEntitySource: class org.lenskit.data.ratings.RatingBuilder: using entity builder {}
17:40:27.815 DEBUG [main] org.lenskit.data.dao.file.TextEntitySource: loading source movies with base URI file:/Users/yuw/Documents/Coursera/Recommender%20System/cbf-assignment/data/movielens.yml
17:40:27.815 DEBUG [main] org.lenskit.data.dao.file.TextEntitySource: resolved file URI: file:/Users/yuw/Documents/Coursera/Recommender%20System/cbf-assignment/data/movies.csv
17:40:27.815 INFO [main] org.lenskit.data.dao.file.TextEntitySource: loading text file source movies to read from file:/Users/yuw/Documents/Coursera/Recommender%20System/cbf-assignment/data/movies.csv
17:40:27.815 DEBUG [main] org.lenskit.data.dao.file.TextEntitySource: movies: using delimiter ,
17:40:27.815 DEBUG [main] org.lenskit.data.dao.file.TextEntitySource: movies: reading header
17:40:27.815 DEBUG [main] org.lenskit.data.dao.file.TextEntitySource: movies: reading entities of type EntityType[item]
17:40:27.816 DEBUG [main] org.lenskit.data.dao.file.TextEntitySource: class org.lenskit.data.entities.BasicEntityBuilder: using entity builder {}
17:40:27.816 DEBUG [main] org.lenskit.data.dao.file.TextEntitySource: loading source tags with base URI file:/Users/yuw/Documents/Coursera/Recommender%20System/cbf-assignment/data/movielens.yml
17:40:27.816 DEBUG [main] org.lenskit.data.dao.file.TextEntitySource: resolved file URI: file:/Users/yuw/Documents/Coursera/Recommender%20System/cbf-assignment/data/tags.csv
17:40:27.816 INFO [main] org.lenskit.data.dao.file.TextEntitySource: loading text file source tags to read from file:/Users/yuw/Documents/Coursera/Recommender%20System/cbf-assignment/data/tags.csv
17:40:27.816 DEBUG [main] org.lenskit.data.dao.file.TextEntitySource: tags: using delimiter ,
17:40:27.816 DEBUG [main] org.lenskit.data.dao.file.TextEntitySource: tags: reading header
17:40:27.816 DEBUG [main] org.lenskit.data.dao.file.TextEntitySource: tags: reading entities of type EntityType[item-tag]
17:40:27.820 DEBUG [main] org.lenskit.data.dao.file.TextEntitySource: class org.lenskit.data.entities.BasicEntityBuilder: using entity builder {}
17:40:27.828 DEBUG [main] org.lenskit.LenskitRecommenderEngineBuilder: building graph from 3 configurations
17:40:27.929 DEBUG [main] org.lenskit.inject.RecommenderInstantiator: replacing nodes in graph with 14 nodes
17:40:27.936 DEBUG [main] org.lenskit.inject.RecommenderInstantiator: found 4 shared nodes
17:40:29.212 INFO [main] org.lenskit.data.dao.file.StaticDataSource: deriving entity type EntityType[user] from EntityType[rating] (column TypedName[user: long])
17:40:29.346 INFO [main] org.lenskit.data.dao.file.StaticDataSource: deriving entity type EntityType[item] from EntityType[rating] (column TypedName[item: long])
17:40:29.452 INFO [main] org.lenskit.data.dao.file.StaticDataSource: deriving entity type EntityType[user] from EntityType[item-tag] (column TypedName[user: long])
17:40:29.497 INFO [main] org.lenskit.data.dao.file.StaticDataSource: deriving entity type EntityType[item] from EntityType[item-tag] (column TypedName[item: long])
17:40:29.530 DEBUG [main] org.lenskit.data.entities.EntityCollectionBuilder: built collection of 2500 entities with type EntityType[item] and 2 indexes
17:40:29.563 DEBUG [main] org.lenskit.data.entities.EntityCollectionBuilder: built collection of 264505 entities with type EntityType[rating] and 2 indexes
17:40:30.076 DEBUG [main] org.lenskit.data.entities.EntityCollectionBuilder: built collection of 94875 entities with type EntityType[item-tag] and 2 indexes
17:40:30.076 DEBUG [main] org.lenskit.data.entities.EntityCollectionBuilder: built collection of 862 entities with type EntityType[user] and 2 indexes
17:40:30.082 INFO [main] org.lenskit.mooc.cbf.TFIDFModelProvider: Building TF-IDF model
17:40:30.194 INFO [main] org.lenskit.mooc.cbf.TFIDFModelProvider: Computed TF vectors for 2500 items
17:40:30.276 DEBUG [main] org.lenskit.inject.RecommenderInstantiator: final graph has 14 nodes
17:40:30.278 INFO [main] org.lenskit.cli.util.RecommenderLoader: built recommender in 2.450 s
17:40:30.287 INFO [main] org.lenskit.cli.commands.Recommend: recommending for 1 users
17:40:30.303 DEBUG [main] org.lenskit.basic.TopNItemRecommender: computing effective candidates for user 320 from 2500 candidates and 62 excluded items
17:40:30.307 DEBUG [main] org.lenskit.basic.TopNItemRecommender: Computing 10 recommendations for user 320 from 2438 candidates
17:40:30.307 INFO [main] org.lenskit.mooc.cbf.TFIDFModelProvider: rating is 4.0
17:40:30.308 INFO [main] org.lenskit.mooc.cbf.TFIDFModelProvider: rating is 5.0
17:40:30.308 INFO [main] org.lenskit.mooc.cbf.TFIDFModelProvider: rating is 4.5
17:40:30.308 INFO [main] org.lenskit.mooc.cbf.TFIDFModelProvider: rating is 4.5
17:40:30.308 INFO [main] org.lenskit.mooc.cbf.TFIDFModelProvider: rating is 4.5
17:40:30.308 INFO [main] org.lenskit.mooc.cbf.TFIDFModelProvider: rating is 4.5
17:40:30.309 INFO [main] org.lenskit.mooc.cbf.TFIDFModelProvider: rating is 3.5
17:40:30.309 INFO [main] org.lenskit.mooc.cbf.TFIDFModelProvider: rating is 2.5
17:40:30.309 INFO [main] org.lenskit.mooc.cbf.TFIDFModelProvider: rating is 4.0
17:40:30.309 INFO [main] org.lenskit.mooc.cbf.TFIDFModelProvider: rating is 5.0
17:40:30.309 INFO [main] org.lenskit.mooc.cbf.TFIDFModelProvider: rating is 5.0
17:40:30.309 INFO [main] org.lenskit.mooc.cbf.TFIDFModelProvider: rating is 4.5
17:40:30.309 INFO [main] org.lenskit.mooc.cbf.TFIDFModelProvider: rating is 4.0
17:40:30.310 INFO [main] org.lenskit.mooc.cbf.TFIDFModelProvider: rating is 4.0
17:40:30.310 INFO [main] org.lenskit.mooc.cbf.TFIDFModelProvider: rating is 3.5
17:40:30.310 INFO [main] org.lenskit.mooc.cbf.TFIDFModelProvider: rating is 4.5
17:40:30.310 INFO [main] org.lenskit.mooc.cbf.TFIDFModelProvider: rating is 4.5
17:40:30.310 INFO [main] org.lenskit.mooc.cbf.TFIDFModelProvider: rating is 3.5
17:40:30.310 INFO [main] org.lenskit.mooc.cbf.TFIDFModelProvider: rating is 3.5
17:40:30.310 INFO [main] org.lenskit.mooc.cbf.TFIDFModelProvider: rating is 3.5
17:40:30.311 INFO [main] org.lenskit.mooc.cbf.TFIDFModelProvider: rating is 2.5
17:40:30.311 INFO [main] org.lenskit.mooc.cbf.TFIDFModelProvider: rating is 3.0
17:40:30.311 INFO [main] org.lenskit.mooc.cbf.TFIDFModelProvider: rating is 2.0
17:40:30.311 INFO [main] org.lenskit.mooc.cbf.TFIDFModelProvider: rating is 3.0
17:40:30.311 INFO [main] org.lenskit.mooc.cbf.TFIDFModelProvider: rating is 3.5
17:40:30.311 INFO [main] org.lenskit.mooc.cbf.TFIDFModelProvider: rating is 3.5
17:40:30.311 INFO [main] org.lenskit.mooc.cbf.TFIDFModelProvider: rating is 4.0
17:40:30.312 INFO [main] org.lenskit.mooc.cbf.TFIDFModelProvider: rating is 3.5
17:40:30.312 INFO [main] org.lenskit.mooc.cbf.TFIDFModelProvider: rating is 4.0
17:40:30.312 INFO [main] org.lenskit.mooc.cbf.TFIDFModelProvider: rating is 2.0
17:40:30.312 INFO [main] org.lenskit.mooc.cbf.TFIDFModelProvider: rating is 4.0
17:40:30.314 INFO [main] org.lenskit.mooc.cbf.TFIDFModelProvider: rating is 4.5
17:40:30.315 INFO [main] org.lenskit.mooc.cbf.TFIDFModelProvider: rating is 1.5
17:40:30.315 INFO [main] org.lenskit.mooc.cbf.TFIDFModelProvider: rating is 2.0
17:40:30.315 INFO [main] org.lenskit.mooc.cbf.TFIDFModelProvider: rating is 4.0
17:40:30.315 INFO [main] org.lenskit.mooc.cbf.TFIDFModelProvider: rating is 4.5
17:40:30.315 INFO [main] org.lenskit.mooc.cbf.TFIDFModelProvider: rating is 5.0
17:40:30.316 INFO [main] org.lenskit.mooc.cbf.TFIDFModelProvider: rating is 3.5
17:40:30.316 INFO [main] org.lenskit.mooc.cbf.TFIDFModelProvider: rating is 3.0
17:40:30.316 INFO [main] org.lenskit.mooc.cbf.TFIDFModelProvider: rating is 3.0
17:40:30.316 INFO [main] org.lenskit.mooc.cbf.TFIDFModelProvider: rating is 4.0
17:40:30.316 INFO [main] org.lenskit.mooc.cbf.TFIDFModelProvider: rating is 3.0
17:40:30.316 INFO [main] org.lenskit.mooc.cbf.TFIDFModelProvider: rating is 4.0
17:40:30.316 INFO [main] org.lenskit.mooc.cbf.TFIDFModelProvider: rating is 4.5
17:40:30.316 INFO [main] org.lenskit.mooc.cbf.TFIDFModelProvider: rating is 3.0
17:40:30.317 INFO [main] org.lenskit.mooc.cbf.TFIDFModelProvider: rating is 2.5
17:40:30.317 INFO [main] org.lenskit.mooc.cbf.TFIDFModelProvider: rating is 3.5
17:40:30.317 INFO [main] org.lenskit.mooc.cbf.TFIDFModelProvider: rating is 1.5
17:40:30.317 INFO [main] org.lenskit.mooc.cbf.TFIDFModelProvider: rating is 4.5
17:40:30.317 INFO [main] org.lenskit.mooc.cbf.TFIDFModelProvider: rating is 4.0
17:40:30.317 INFO [main] org.lenskit.mooc.cbf.TFIDFModelProvider: rating is 2.5
17:40:30.317 INFO [main] org.lenskit.mooc.cbf.TFIDFModelProvider: rating is 2.5
17:40:30.318 INFO [main] org.lenskit.mooc.cbf.TFIDFModelProvider: rating is 4.5
17:40:30.318 INFO [main] org.lenskit.mooc.cbf.TFIDFModelProvider: rating is 4.5
17:40:30.318 INFO [main] org.lenskit.mooc.cbf.TFIDFModelProvider: rating is 5.0
17:40:30.318 INFO [main] org.lenskit.mooc.cbf.TFIDFModelProvider: rating is 3.5
17:40:30.318 INFO [main] org.lenskit.mooc.cbf.TFIDFModelProvider: rating is 4.0
17:40:30.318 INFO [main] org.lenskit.mooc.cbf.TFIDFModelProvider: rating is 4.0
17:40:30.318 INFO [main] org.lenskit.mooc.cbf.TFIDFModelProvider: rating is 4.0
17:40:30.319 INFO [main] org.lenskit.mooc.cbf.TFIDFModelProvider: rating is 4.0
17:40:30.319 INFO [main] org.lenskit.mooc.cbf.TFIDFModelProvider: rating is 4.5
17:40:30.319 INFO [main] org.lenskit.mooc.cbf.TFIDFModelProvider: rating is 3.5
17:40:30.322 INFO [main] org.lenskit.mooc.cbf.TFIDFModelProvider: profile size is 1764
17:40:30.519 INFO [main] org.lenskit.cli.commands.Recommend: recommended for 1 users in 231.8 ms
17:40:30.520 INFO [main] org.lenskit.cli.Main: If you use LensKit in published research, please see http://lenskit.org/research/
