14:12:22.035 INFO [main] org.lenskit.cli.Main: Starting LensKit 3.0-M1 on Java 1.8.0_91 from Oracle Corporation
14:12:22.080 DEBUG [main] org.lenskit.LenskitInfo: have 5573 active revisions
14:12:22.089 DEBUG [main] org.lenskit.cli.Main: Built from Git revision c0210fa3281ef8b15b0959bcd5fced43c5fec38a
14:12:22.089 DEBUG [main] org.lenskit.cli.Main: Using VM 'Java HotSpot(TM) 64-Bit Server VM' version 25.91-b14 from Oracle Corporation
14:12:22.089 INFO [main] org.lenskit.cli.Main: Have 4 processors and heap limit of 1820 MiB
14:12:22.108 INFO [main] org.lenskit.cli.util.RecommenderLoader: creating fresh recommender
14:12:22.474 INFO [main] org.lenskit.config.ConfigurationLoader: loading script from file:/Users/yuw/Documents/Coursera/Recommender%20System/nonpers-assignment/etc/simple-assoc.groovy
14:12:23.130 DEBUG [main] org.lenskit.data.dao.file.TextEntitySource: loading source ratings with base URI file:/Users/yuw/Documents/Coursera/Recommender%20System/nonpers-assignment/data/movielens.yml
14:12:23.131 DEBUG [main] org.lenskit.data.dao.file.TextEntitySource: resolved file URI: file:/Users/yuw/Documents/Coursera/Recommender%20System/nonpers-assignment/data/ratings.csv
14:12:23.143 INFO [main] org.lenskit.data.dao.file.TextEntitySource: loading text file source ratings to read from file:/Users/yuw/Documents/Coursera/Recommender%20System/nonpers-assignment/data/ratings.csv
14:12:23.148 DEBUG [main] org.lenskit.data.dao.file.TextEntitySource: ratings: using delimiter ,
14:12:23.148 DEBUG [main] org.lenskit.data.dao.file.TextEntitySource: ratings: reading header
14:12:23.148 DEBUG [main] org.lenskit.data.dao.file.TextEntitySource: ratings: reading entities of type EntityType[rating]
14:12:23.191 DEBUG [main] org.lenskit.data.dao.file.TextEntitySource: class org.lenskit.data.ratings.RatingBuilder: using entity builder {}
14:12:23.191 DEBUG [main] org.lenskit.data.dao.file.TextEntitySource: loading source movies with base URI file:/Users/yuw/Documents/Coursera/Recommender%20System/nonpers-assignment/data/movielens.yml
14:12:23.191 DEBUG [main] org.lenskit.data.dao.file.TextEntitySource: resolved file URI: file:/Users/yuw/Documents/Coursera/Recommender%20System/nonpers-assignment/data/movies.csv
14:12:23.191 INFO [main] org.lenskit.data.dao.file.TextEntitySource: loading text file source movies to read from file:/Users/yuw/Documents/Coursera/Recommender%20System/nonpers-assignment/data/movies.csv
14:12:23.192 DEBUG [main] org.lenskit.data.dao.file.TextEntitySource: movies: using delimiter ,
14:12:23.192 DEBUG [main] org.lenskit.data.dao.file.TextEntitySource: movies: reading header
14:12:23.192 DEBUG [main] org.lenskit.data.dao.file.TextEntitySource: movies: reading entities of type EntityType[item]
14:12:23.192 DEBUG [main] org.lenskit.data.dao.file.TextEntitySource: class org.lenskit.data.entities.BasicEntityBuilder: using entity builder {}
14:12:23.192 DEBUG [main] org.lenskit.data.dao.file.TextEntitySource: loading source tags with base URI file:/Users/yuw/Documents/Coursera/Recommender%20System/nonpers-assignment/data/movielens.yml
14:12:23.192 DEBUG [main] org.lenskit.data.dao.file.TextEntitySource: resolved file URI: file:/Users/yuw/Documents/Coursera/Recommender%20System/nonpers-assignment/data/tags.csv
14:12:23.192 INFO [main] org.lenskit.data.dao.file.TextEntitySource: loading text file source tags to read from file:/Users/yuw/Documents/Coursera/Recommender%20System/nonpers-assignment/data/tags.csv
14:12:23.193 DEBUG [main] org.lenskit.data.dao.file.TextEntitySource: tags: using delimiter ,
14:12:23.193 DEBUG [main] org.lenskit.data.dao.file.TextEntitySource: tags: reading header
14:12:23.193 DEBUG [main] org.lenskit.data.dao.file.TextEntitySource: tags: reading entities of type EntityType[item-tag]
14:12:23.193 DEBUG [main] org.lenskit.data.dao.file.TextEntitySource: class org.lenskit.data.entities.BasicEntityBuilder: using entity builder {}
14:12:23.196 DEBUG [main] org.lenskit.LenskitRecommenderEngineBuilder: building graph from 3 configurations
14:12:23.285 DEBUG [main] org.lenskit.inject.RecommenderInstantiator: replacing nodes in graph with 9 nodes
14:12:23.295 DEBUG [main] org.lenskit.inject.RecommenderInstantiator: found 5 shared nodes
14:12:25.364 INFO [main] org.lenskit.data.dao.file.StaticDataSource: deriving entity type EntityType[user] from EntityType[rating] (column TypedName[user: long])
14:12:25.478 INFO [main] org.lenskit.data.dao.file.StaticDataSource: deriving entity type EntityType[item] from EntityType[rating] (column TypedName[item: long])
14:12:25.548 DEBUG [main] org.lenskit.data.entities.EntityCollectionBuilder: built collection of 2500 entities with type EntityType[item] and 2 indexes
14:12:25.584 DEBUG [main] org.lenskit.data.entities.EntityCollectionBuilder: built collection of 264505 entities with type EntityType[rating] and 2 indexes
14:12:25.598 DEBUG [main] org.lenskit.data.entities.EntityCollectionBuilder: built collection of 94875 entities with type EntityType[item-tag] and 2 indexes
14:12:25.599 DEBUG [main] org.lenskit.data.entities.EntityCollectionBuilder: built collection of 862 entities with type EntityType[user] and 2 indexes
14:12:49.380 DEBUG [main] org.lenskit.mooc.nonpers.assoc.AssociationModel: transforming input map for 2500 items into log data
14:12:49.892 DEBUG [main] org.lenskit.inject.RecommenderInstantiator: final graph has 9 nodes
14:12:49.893 INFO [main] org.lenskit.cli.util.RecommenderLoader: built recommender in 26.70 s
14:12:49.897 INFO [main] org.lenskit.cli.commands.GlobalRecommend: using 1 reference items: [260]
14:12:49.919 INFO [main] org.lenskit.cli.commands.GlobalRecommend: recommended in 21.58 ms
14:12:49.921 INFO [main] org.lenskit.cli.Main: If you use LensKit in published research, please see http://lenskit.org/research/
