13:50:15.641 INFO [main] org.lenskit.cli.Main: Starting LensKit 3.0-M1 on Java 1.8.0_91 from Oracle Corporation
13:50:15.676 DEBUG [main] org.lenskit.LenskitInfo: have 5573 active revisions
13:50:15.692 DEBUG [main] org.lenskit.cli.Main: Built from Git revision c0210fa3281ef8b15b0959bcd5fced43c5fec38a
13:50:15.693 DEBUG [main] org.lenskit.cli.Main: Using VM 'Java HotSpot(TM) 64-Bit Server VM' version 25.91-b14 from Oracle Corporation
13:50:15.693 INFO [main] org.lenskit.cli.Main: Have 4 processors and heap limit of 1820 MiB
13:50:15.712 INFO [main] org.lenskit.cli.util.RecommenderLoader: creating fresh recommender
13:50:16.061 INFO [main] org.lenskit.config.ConfigurationLoader: loading script from file:/Users/yuw/Documents/Coursera/Recommender%20System/nonpers-assignment/etc/lift-assoc.groovy
13:50:16.668 DEBUG [main] org.lenskit.data.dao.file.TextEntitySource: loading source ratings with base URI file:/Users/yuw/Documents/Coursera/Recommender%20System/nonpers-assignment/data/movielens.yml
13:50:16.669 DEBUG [main] org.lenskit.data.dao.file.TextEntitySource: resolved file URI: file:/Users/yuw/Documents/Coursera/Recommender%20System/nonpers-assignment/data/ratings.csv
13:50:16.682 INFO [main] org.lenskit.data.dao.file.TextEntitySource: loading text file source ratings to read from file:/Users/yuw/Documents/Coursera/Recommender%20System/nonpers-assignment/data/ratings.csv
13:50:16.693 DEBUG [main] org.lenskit.data.dao.file.TextEntitySource: ratings: using delimiter ,
13:50:16.693 DEBUG [main] org.lenskit.data.dao.file.TextEntitySource: ratings: reading header
13:50:16.694 DEBUG [main] org.lenskit.data.dao.file.TextEntitySource: ratings: reading entities of type EntityType[rating]
13:50:16.741 DEBUG [main] org.lenskit.data.dao.file.TextEntitySource: class org.lenskit.data.ratings.RatingBuilder: using entity builder {}
13:50:16.741 DEBUG [main] org.lenskit.data.dao.file.TextEntitySource: loading source movies with base URI file:/Users/yuw/Documents/Coursera/Recommender%20System/nonpers-assignment/data/movielens.yml
13:50:16.741 DEBUG [main] org.lenskit.data.dao.file.TextEntitySource: resolved file URI: file:/Users/yuw/Documents/Coursera/Recommender%20System/nonpers-assignment/data/movies.csv
13:50:16.741 INFO [main] org.lenskit.data.dao.file.TextEntitySource: loading text file source movies to read from file:/Users/yuw/Documents/Coursera/Recommender%20System/nonpers-assignment/data/movies.csv
13:50:16.741 DEBUG [main] org.lenskit.data.dao.file.TextEntitySource: movies: using delimiter ,
13:50:16.741 DEBUG [main] org.lenskit.data.dao.file.TextEntitySource: movies: reading header
13:50:16.741 DEBUG [main] org.lenskit.data.dao.file.TextEntitySource: movies: reading entities of type EntityType[item]
13:50:16.741 DEBUG [main] org.lenskit.data.dao.file.TextEntitySource: class org.lenskit.data.entities.BasicEntityBuilder: using entity builder {}
13:50:16.742 DEBUG [main] org.lenskit.data.dao.file.TextEntitySource: loading source tags with base URI file:/Users/yuw/Documents/Coursera/Recommender%20System/nonpers-assignment/data/movielens.yml
13:50:16.742 DEBUG [main] org.lenskit.data.dao.file.TextEntitySource: resolved file URI: file:/Users/yuw/Documents/Coursera/Recommender%20System/nonpers-assignment/data/tags.csv
13:50:16.742 INFO [main] org.lenskit.data.dao.file.TextEntitySource: loading text file source tags to read from file:/Users/yuw/Documents/Coursera/Recommender%20System/nonpers-assignment/data/tags.csv
13:50:16.742 DEBUG [main] org.lenskit.data.dao.file.TextEntitySource: tags: using delimiter ,
13:50:16.742 DEBUG [main] org.lenskit.data.dao.file.TextEntitySource: tags: reading header
13:50:16.742 DEBUG [main] org.lenskit.data.dao.file.TextEntitySource: tags: reading entities of type EntityType[item-tag]
13:50:16.743 DEBUG [main] org.lenskit.data.dao.file.TextEntitySource: class org.lenskit.data.entities.BasicEntityBuilder: using entity builder {}
13:50:16.745 DEBUG [main] org.lenskit.LenskitRecommenderEngineBuilder: building graph from 3 configurations
13:50:16.836 DEBUG [main] org.lenskit.inject.RecommenderInstantiator: replacing nodes in graph with 9 nodes
13:50:16.847 DEBUG [main] org.lenskit.inject.RecommenderInstantiator: found 5 shared nodes
13:50:18.811 INFO [main] org.lenskit.data.dao.file.StaticDataSource: deriving entity type EntityType[user] from EntityType[rating] (column TypedName[user: long])
13:50:18.961 INFO [main] org.lenskit.data.dao.file.StaticDataSource: deriving entity type EntityType[item] from EntityType[rating] (column TypedName[item: long])
13:50:19.026 DEBUG [main] org.lenskit.data.entities.EntityCollectionBuilder: built collection of 2500 entities with type EntityType[item] and 2 indexes
13:50:19.068 DEBUG [main] org.lenskit.data.entities.EntityCollectionBuilder: built collection of 264505 entities with type EntityType[rating] and 2 indexes
13:50:19.084 DEBUG [main] org.lenskit.data.entities.EntityCollectionBuilder: built collection of 94875 entities with type EntityType[item-tag] and 2 indexes
13:50:19.085 DEBUG [main] org.lenskit.data.entities.EntityCollectionBuilder: built collection of 862 entities with type EntityType[user] and 2 indexes
13:50:38.660 DEBUG [main] org.lenskit.mooc.nonpers.assoc.AssociationModel: transforming input map for 2500 items into log data
13:50:39.021 DEBUG [main] org.lenskit.inject.RecommenderInstantiator: final graph has 9 nodes
13:50:39.022 INFO [main] org.lenskit.cli.util.RecommenderLoader: built recommender in 22.28 s
13:50:39.026 INFO [main] org.lenskit.cli.commands.GlobalRecommend: using 1 reference items: [2761]
13:50:39.046 INFO [main] org.lenskit.cli.commands.GlobalRecommend: recommended in 20.42 ms
13:50:39.047 INFO [main] org.lenskit.cli.Main: If you use LensKit in published research, please see http://lenskit.org/research/
