13:49:36.506 INFO [main] org.lenskit.cli.Main: Starting LensKit 3.0-M1 on Java 1.8.0_91 from Oracle Corporation
13:49:36.541 DEBUG [main] org.lenskit.LenskitInfo: have 5573 active revisions
13:49:36.550 DEBUG [main] org.lenskit.cli.Main: Built from Git revision c0210fa3281ef8b15b0959bcd5fced43c5fec38a
13:49:36.550 DEBUG [main] org.lenskit.cli.Main: Using VM 'Java HotSpot(TM) 64-Bit Server VM' version 25.91-b14 from Oracle Corporation
13:49:36.550 INFO [main] org.lenskit.cli.Main: Have 4 processors and heap limit of 1820 MiB
13:49:36.575 INFO [main] org.lenskit.cli.util.RecommenderLoader: creating fresh recommender
13:49:36.948 INFO [main] org.lenskit.config.ConfigurationLoader: loading script from file:/Users/yuw/Documents/Coursera/Recommender%20System/nonpers-assignment/etc/mean.groovy
13:49:37.515 DEBUG [main] org.lenskit.data.dao.file.TextEntitySource: loading source ratings with base URI file:/Users/yuw/Documents/Coursera/Recommender%20System/nonpers-assignment/data/movielens.yml
13:49:37.515 DEBUG [main] org.lenskit.data.dao.file.TextEntitySource: resolved file URI: file:/Users/yuw/Documents/Coursera/Recommender%20System/nonpers-assignment/data/ratings.csv
13:49:37.530 INFO [main] org.lenskit.data.dao.file.TextEntitySource: loading text file source ratings to read from file:/Users/yuw/Documents/Coursera/Recommender%20System/nonpers-assignment/data/ratings.csv
13:49:37.535 DEBUG [main] org.lenskit.data.dao.file.TextEntitySource: ratings: using delimiter ,
13:49:37.535 DEBUG [main] org.lenskit.data.dao.file.TextEntitySource: ratings: reading header
13:49:37.535 DEBUG [main] org.lenskit.data.dao.file.TextEntitySource: ratings: reading entities of type EntityType[rating]
13:49:37.580 DEBUG [main] org.lenskit.data.dao.file.TextEntitySource: class org.lenskit.data.ratings.RatingBuilder: using entity builder {}
13:49:37.580 DEBUG [main] org.lenskit.data.dao.file.TextEntitySource: loading source movies with base URI file:/Users/yuw/Documents/Coursera/Recommender%20System/nonpers-assignment/data/movielens.yml
13:49:37.580 DEBUG [main] org.lenskit.data.dao.file.TextEntitySource: resolved file URI: file:/Users/yuw/Documents/Coursera/Recommender%20System/nonpers-assignment/data/movies.csv
13:49:37.581 INFO [main] org.lenskit.data.dao.file.TextEntitySource: loading text file source movies to read from file:/Users/yuw/Documents/Coursera/Recommender%20System/nonpers-assignment/data/movies.csv
13:49:37.581 DEBUG [main] org.lenskit.data.dao.file.TextEntitySource: movies: using delimiter ,
13:49:37.581 DEBUG [main] org.lenskit.data.dao.file.TextEntitySource: movies: reading header
13:49:37.581 DEBUG [main] org.lenskit.data.dao.file.TextEntitySource: movies: reading entities of type EntityType[item]
13:49:37.582 DEBUG [main] org.lenskit.data.dao.file.TextEntitySource: class org.lenskit.data.entities.BasicEntityBuilder: using entity builder {}
13:49:37.582 DEBUG [main] org.lenskit.data.dao.file.TextEntitySource: loading source tags with base URI file:/Users/yuw/Documents/Coursera/Recommender%20System/nonpers-assignment/data/movielens.yml
13:49:37.582 DEBUG [main] org.lenskit.data.dao.file.TextEntitySource: resolved file URI: file:/Users/yuw/Documents/Coursera/Recommender%20System/nonpers-assignment/data/tags.csv
13:49:37.582 INFO [main] org.lenskit.data.dao.file.TextEntitySource: loading text file source tags to read from file:/Users/yuw/Documents/Coursera/Recommender%20System/nonpers-assignment/data/tags.csv
13:49:37.583 DEBUG [main] org.lenskit.data.dao.file.TextEntitySource: tags: using delimiter ,
13:49:37.583 DEBUG [main] org.lenskit.data.dao.file.TextEntitySource: tags: reading header
13:49:37.583 DEBUG [main] org.lenskit.data.dao.file.TextEntitySource: tags: reading entities of type EntityType[item-tag]
13:49:37.583 DEBUG [main] org.lenskit.data.dao.file.TextEntitySource: class org.lenskit.data.entities.BasicEntityBuilder: using entity builder {}
13:49:37.590 DEBUG [main] org.lenskit.LenskitRecommenderEngineBuilder: building graph from 3 configurations
13:49:37.697 DEBUG [main] org.lenskit.inject.RecommenderInstantiator: replacing nodes in graph with 9 nodes
13:49:37.713 DEBUG [main] org.lenskit.inject.RecommenderInstantiator: found 5 shared nodes
13:49:39.437 INFO [main] org.lenskit.data.dao.file.StaticDataSource: deriving entity type EntityType[user] from EntityType[rating] (column TypedName[user: long])
13:49:39.547 INFO [main] org.lenskit.data.dao.file.StaticDataSource: deriving entity type EntityType[item] from EntityType[rating] (column TypedName[item: long])
13:49:39.584 DEBUG [main] org.lenskit.data.entities.EntityCollectionBuilder: built collection of 2500 entities with type EntityType[item] and 2 indexes
13:49:39.613 DEBUG [main] org.lenskit.data.entities.EntityCollectionBuilder: built collection of 264505 entities with type EntityType[rating] and 2 indexes
13:49:39.630 DEBUG [main] org.lenskit.data.entities.EntityCollectionBuilder: built collection of 94875 entities with type EntityType[item-tag] and 2 indexes
13:49:39.631 DEBUG [main] org.lenskit.data.entities.EntityCollectionBuilder: built collection of 862 entities with type EntityType[user] and 2 indexes
13:49:39.762 INFO [main] org.lenskit.mooc.nonpers.mean.ItemMeanModelProvider: Key1203  Mean4.246031746031746
13:49:39.763 INFO [main] org.lenskit.mooc.nonpers.mean.ItemMeanModelProvider: Key2959  Mean4.258503401360544
13:49:39.764 INFO [main] org.lenskit.mooc.nonpers.mean.ItemMeanModelProvider: computed mean ratings for 2500 items
13:49:39.788 DEBUG [main] org.lenskit.inject.RecommenderInstantiator: final graph has 9 nodes
13:49:39.789 INFO [main] org.lenskit.cli.util.RecommenderLoader: built recommender in 2.199 s
13:49:39.793 INFO [main] org.lenskit.cli.commands.GlobalRecommend: using 0 reference items: []
13:49:39.794 INFO [main] org.lenskit.mooc.nonpers.mean.MeanItemBasedItemRecommender: computing 10 recommendations from 2500 items
13:49:39.813 INFO [main] org.lenskit.cli.commands.GlobalRecommend: recommended in 19.66 ms
13:49:39.814 INFO [main] org.lenskit.cli.Main: If you use LensKit in published research, please see http://lenskit.org/research/
